<?xml version="1.0" encoding="UTF-8"?>
<testsuite name="the user validate the PDF" tests="1" skipped="0" failures="0" errors="0" timestamp="2024-01-03T21:24:00" hostname="FLIAGUERREROCAM" time="61.334">
  <properties/>
  <testcase name="User wants to test the website" classname="the user validate the PDF" time="61.334"/>
  <system-out><![CDATA[https://www.banistmo.com/wps/wcm/connect/www.banistmo.com11237/7b900517-9baa-4eac-aa23-3adeb561600e/ProhibicionesSuperIntendenciaDeBancosSIB.pdf?MOD=AJPERES&CVID=lPXjRcF
]]></system-out>
  <system-err><![CDATA[Starting ChromeDriver 120.0.6099.109 (3419140ab665596f21b385ce136419fde0924272-refs/branch-heads/6099@{#1483}) on port 61236
Only local connections are allowed.
Please see https://chromedriver.chromium.org/security-considerations for suggestions on keeping ChromeDriver safe.
ChromeDriver was started successfully.
[1704317045.642][WARNING]: Deprecated chrome option is ignored: useAutomationExtension
[1704317045.643][WARNING]: Deprecated chrome option is ignored: useAutomationExtension
ene. 03, 2024 4:24:08 P. M. org.openqa.selenium.remote.ProtocolHandshake createSession
INFORMACIÓN: Detected dialect: W3C
]]></system-err>
</testsuite>
